# JRE version: Java(TM) SE Runtime Environment (16.0.1+9) (build 16.0.1+9-24)
# Java VM: Java HotSpot(TM) 64-Bit Server VM (16.0.1+9-24, mixed mode, sharing, tiered, compressed oops, compressed class ptrs, g1 gc, windows-amd64)
GC Precious Log:
 CPUs: 6 total, 6 available
 Memory: 7857M
 Large Page Support: Disabled
 NUMA Support: Disabled
 Compressed Oops: Enabled (32-bit)
 Heap Region Size: 1M
 Heap Min Capacity: 8M
 Heap Initial Capacity: 124M
 Heap Max Capacity: 1966M
 Pre-touch: Disabled
 Parallel Workers: 6
 Concurrent Workers: 2
 Concurrent Refinement Workers: 6
 Periodic GC: Disabled
Heap:
 garbage-first heap   total 126976K, used 16967K [0x0000000085200000, 0x0000000100000000)
  region size 1024K, 6 young (6144K), 6 survivors (6144K)
 Metaspace       used 21010K, committed 21248K, reserved 1073152K
  class space    used 2305K, committed 2432K, reserved 1048576K
GC Heap History (9 events):
Event: 0.405 GC heap before
{Heap before GC invocations=0 (full 0):
 garbage-first heap   total 126976K, used 20480K [0x0000000085200000, 0x0000000100000000)
  region size 1024K, 21 young (21504K), 0 survivors (0K)
 Metaspace       used 4844K, committed 5056K, reserved 1056768K
  class space    used 545K, committed 640K, reserved 1048576K
}
Event: 0.410 GC heap after
{Heap after GC invocations=1 (full 0):
 garbage-first heap   total 126976K, used 3738K [0x0000000085200000, 0x0000000100000000)
  region size 1024K, 3 young (3072K), 3 survivors (3072K)
 Metaspace       used 4844K, committed 5056K, reserved 1056768K
  class space    used 545K, committed 640K, reserved 1048576K
}
Event: 0.701 GC heap before
{Heap before GC invocations=1 (full 0):
 garbage-first heap   total 126976K, used 30362K [0x0000000085200000, 0x0000000100000000)
  region size 1024K, 29 young (29696K), 3 survivors (3072K)
 Metaspace       used 8193K, committed 8320K, reserved 1064960K
  class space    used 959K, committed 1024K, reserved 1048576K
}
Event: 0.706 GC heap after
{Heap after GC invocations=2 (full 0):
 garbage-first heap   total 126976K, used 4790K [0x0000000085200000, 0x0000000100000000)
  region size 1024K, 2 young (2048K), 2 survivors (2048K)
 Metaspace       used 8193K, committed 8320K, reserved 1064960K
  class space    used 959K, committed 1024K, reserved 1048576K
}
Event: 1.480 GC heap before
{Heap before GC invocations=2 (full 0):
 garbage-first heap   total 126976K, used 78518K [0x0000000085200000, 0x0000000100000000)
  region size 1024K, 74 young (75776K), 2 survivors (2048K)
 Metaspace       used 13059K, committed 13248K, reserved 1064960K
  class space    used 1447K, committed 1536K, reserved 1048576K
}
Event: 1.491 GC heap after
{Heap after GC invocations=3 (full 0):
 garbage-first heap   total 126976K, used 11626K [0x0000000085200000, 0x0000000100000000)
  region size 1024K, 8 young (8192K), 8 survivors (8192K)
 Metaspace       used 13059K, committed 13248K, reserved 1064960K
  class space    used 1447K, committed 1536K, reserved 1048576K
}
Event: 2.274 GC heap before
{Heap before GC invocations=3 (full 0):
 garbage-first heap   total 126976K, used 79210K [0x0000000085200000, 0x0000000100000000)
  region size 1024K, 74 young (75776K), 8 survivors (8192K)
 Metaspace       used 15032K, committed 15232K, reserved 1064960K
  class space    used 1597K, committed 1728K, reserved 1048576K
}
Event: 2.285 GC heap after
{Heap after GC invocations=4 (full 0):
 garbage-first heap   total 126976K, used 15567K [0x0000000085200000, 0x0000000100000000)
  region size 1024K, 5 young (5120K), 5 survivors (5120K)
 Metaspace       used 15032K, committed 15232K, reserved 1064960K
  class space    used 1597K, committed 1728K, reserved 1048576K
}
Event: 2.976 GC heap before
{Heap before GC invocations=4 (full 0):
 garbage-first heap   total 126976K, used 72911K [0x0000000085200000, 0x0000000100000000)
  region size 1024K, 62 young (63488K), 5 survivors (5120K)
 Metaspace       used 21010K, committed 21248K, reserved 1073152K
  class space    used 2305K, committed 2432K, reserved 1048576K
}

